This file contains any messages produced by compilers while
running configure, to aid debugging if configure makes a mistake.

configure:567: checking for a BSD compatible install
configure:620: checking whether build environment is sane
configure:677: checking whether make sets ${MAKE}
configure:723: checking for working aclocal
configure:736: checking for working autoconf
configure:749: checking for working automake
configure:762: checking for working autoheader
configure:775: checking for working makeinfo
configure:809: checking for gawk
configure:809: checking for mawk
configure:841: checking for gcc
configure:954: checking whether the C compiler (gcc  ) works
configure:970: gcc -o conftest    conftest.c  1>&5
configure:967:1: warning: return type defaults to 'int' [-Wimplicit-int]
 main(){return(0);}
 ^
configure:996: checking whether the C compiler (gcc  ) is a cross-compiler
configure:1001: checking whether we are using GNU C
configure:1010: gcc -E conftest.c
configure:1029: checking whether gcc accepts -g
configure:1061: checking whether make sets ${MAKE}
configure:1099: checking for a BSD compatible install
configure:1152: checking whether ln -s works
configure:1175: checking for ranlib
configure:1205: checking how to run the C preprocessor
configure:1226: gcc -E  conftest.c >/dev/null 2>conftest.out
configure:1285: checking for POSIXized ISC
configure:1306: checking for ANSI C header files
configure:1319: gcc -E  conftest.c >/dev/null 2>conftest.out
configure:1386: gcc -o conftest -g -O2   conftest.c  1>&5
configure: In function 'main':
configure:1381:67: warning: implicit declaration of function 'exit' [-Wimplicit-function-declaration]
 if (XOR (islower (i), ISLOWER (i)) || toupper (i) != TOUPPER (i)) exit(2);
                                                                   ^
configure:1381:67: warning: incompatible implicit declaration of built-in function 'exit'
configure:1381:67: note: include '<stdlib.h>' or provide a declaration of 'exit'
configure:1382:1: warning: incompatible implicit declaration of built-in function 'exit'
 exit (0); }
 ^
configure:1382:1: note: include '<stdlib.h>' or provide a declaration of 'exit'
configure:1410: checking for working const
configure:1464: gcc -c -g -O2  conftest.c 1>&5
configure:1485: checking for inline
configure:1499: gcc -c -g -O2  conftest.c 1>&5
configure:1495:10: warning: return type defaults to 'int' [-Wimplicit-int]
 } $ac_kw foo() {
          ^
configure:1525: checking for off_t
configure:1558: checking for size_t
configure:1593: checking for working alloca.h
configure:1605: gcc -o conftest -g -O2   conftest.c  1>&5
configure:1626: checking for alloca
configure:1659: gcc -o conftest -g -O2   conftest.c  1>&5
configure:1828: checking for unistd.h
configure:1838: gcc -E  conftest.c >/dev/null 2>conftest.out
configure:1867: checking for getpagesize
configure:1895: gcc -o conftest -g -O2   conftest.c  1>&5
configure:1920: checking for working mmap
configure:2068: gcc -o conftest -g -O2   conftest.c  1>&5
configure:1999:7: warning: conflicting types for built-in function 'malloc'
 char *malloc();
       ^
configure: In function 'main':
configure:2009:13: warning: implicit declaration of function 'getpagesize' [-Wimplicit-function-declaration]
  pagesize = getpagesize();
             ^
configure:2016:3: warning: implicit declaration of function 'exit' [-Wimplicit-function-declaration]
   exit(1);
   ^
configure:2016:3: warning: incompatible implicit declaration of built-in function 'exit'
configure:2016:3: note: include '<stdlib.h>' or provide a declaration of 'exit'
configure:2018:17: warning: implicit declaration of function 'rand' [-Wimplicit-function-declaration]
   *(data + i) = rand();
                 ^
configure:2019:2: warning: implicit declaration of function 'umask' [-Wimplicit-function-declaration]
  umask(0);
  ^
configure:2022:3: warning: incompatible implicit declaration of built-in function 'exit'
   exit(1);
   ^
configure:2022:3: note: include '<stdlib.h>' or provide a declaration of 'exit'
configure:2023:6: warning: implicit declaration of function 'write' [-Wimplicit-function-declaration]
  if (write(fd, data, pagesize) != pagesize)
      ^
configure:2024:3: warning: incompatible implicit declaration of built-in function 'exit'
   exit(1);
   ^
configure:2024:3: note: include '<stdlib.h>' or provide a declaration of 'exit'
configure:2025:2: warning: implicit declaration of function 'close' [-Wimplicit-function-declaration]
  close(fd);
  ^
configure:2034:3: warning: incompatible implicit declaration of built-in function 'exit'
   exit(1);
   ^
configure:2034:3: note: include '<stdlib.h>' or provide a declaration of 'exit'
configure:2037:3: warning: incompatible implicit declaration of built-in function 'exit'
   exit(1);
   ^
configure:2037:3: note: include '<stdlib.h>' or provide a declaration of 'exit'
configure:2038:24: warning: cast from pointer to integer of different size [-Wpointer-to-int-cast]
  data2 += (pagesize - ((int) data2 & (pagesize - 1))) & (pagesize - 1);
                        ^
configure:2041:3: warning: incompatible implicit declaration of built-in function 'exit'
   exit(1);
   ^
configure:2041:3: note: include '<stdlib.h>' or provide a declaration of 'exit'
configure:2044:4: warning: incompatible implicit declaration of built-in function 'exit'
    exit(1);
    ^
configure:2044:4: note: include '<stdlib.h>' or provide a declaration of 'exit'
configure:2055:3: warning: incompatible implicit declaration of built-in function 'exit'
   exit(1);
   ^
configure:2055:3: note: include '<stdlib.h>' or provide a declaration of 'exit'
configure:2056:6: warning: implicit declaration of function 'read' [-Wimplicit-function-declaration]
  if (read(fd, data3, pagesize) != pagesize)
      ^
configure:2057:3: warning: incompatible implicit declaration of built-in function 'exit'
   exit(1);
   ^
configure:2057:3: note: include '<stdlib.h>' or provide a declaration of 'exit'
configure:2060:4: warning: incompatible implicit declaration of built-in function 'exit'
    exit(1);
    ^
configure:2060:4: note: include '<stdlib.h>' or provide a declaration of 'exit'
configure:2062:2: warning: implicit declaration of function 'unlink' [-Wimplicit-function-declaration]
  unlink("conftestmmap");
  ^
configure:2063:2: warning: incompatible implicit declaration of built-in function 'exit'
  exit(0);
  ^
configure:2063:2: note: include '<stdlib.h>' or provide a declaration of 'exit'
configure:2096: checking for argz.h
configure:2106: gcc -E  conftest.c >/dev/null 2>conftest.out
configure:2096: checking for limits.h
configure:2106: gcc -E  conftest.c >/dev/null 2>conftest.out
configure:2096: checking for locale.h
configure:2106: gcc -E  conftest.c >/dev/null 2>conftest.out
configure:2096: checking for nl_types.h
configure:2106: gcc -E  conftest.c >/dev/null 2>conftest.out
configure:2096: checking for malloc.h
configure:2106: gcc -E  conftest.c >/dev/null 2>conftest.out
configure:2096: checking for string.h
configure:2106: gcc -E  conftest.c >/dev/null 2>conftest.out
configure:2096: checking for unistd.h
configure:2096: checking for sys/param.h
configure:2106: gcc -E  conftest.c >/dev/null 2>conftest.out
configure:2136: checking for getcwd
configure:2164: gcc -o conftest -g -O2   conftest.c  1>&5
configure:2136: checking for munmap
configure:2164: gcc -o conftest -g -O2   conftest.c  1>&5
configure:2136: checking for putenv
configure:2164: gcc -o conftest -g -O2   conftest.c  1>&5
configure:2136: checking for setenv
configure:2164: gcc -o conftest -g -O2   conftest.c  1>&5
configure:2136: checking for setlocale
configure:2164: gcc -o conftest -g -O2   conftest.c  1>&5
configure:2136: checking for strchr
configure:2164: gcc -o conftest -g -O2   conftest.c  1>&5
configure:2148:6: warning: conflicting types for built-in function 'strchr'
 char $ac_func();
      ^
configure:2136: checking for strcasecmp
configure:2164: gcc -o conftest -g -O2   conftest.c  1>&5
configure:2148:6: warning: conflicting types for built-in function 'strcasecmp'
 char $ac_func();
      ^
configure:2136: checking for strdup
configure:2164: gcc -o conftest -g -O2   conftest.c  1>&5
configure:2148:6: warning: conflicting types for built-in function 'strdup'
 char $ac_func();
      ^
configure:2136: checking for __argz_count
configure:2164: gcc -o conftest -g -O2   conftest.c  1>&5
configure:2136: checking for __argz_stringify
configure:2164: gcc -o conftest -g -O2   conftest.c  1>&5
configure:2136: checking for __argz_next
configure:2164: gcc -o conftest -g -O2   conftest.c  1>&5
configure:2193: checking for stpcpy
configure:2221: gcc -o conftest -g -O2   conftest.c  1>&5
configure:2205:6: warning: conflicting types for built-in function 'stpcpy'
 char $ac_func();
      ^
configure:2255: checking for LC_MESSAGES
configure:2267: gcc -o conftest -g -O2   conftest.c  1>&5
configure:2288: checking whether NLS is requested
configure:2308: checking whether included gettext is requested
configure:2327: checking for libintl.h
configure:2337: gcc -E  conftest.c >/dev/null 2>conftest.out
configure:2354: checking for gettext in libc
configure:2366: gcc -o conftest -g -O2   conftest.c  1>&5
configure: In function 'main':
configure:2362:8: warning: cast from pointer to integer of different size [-Wpointer-to-int-cast]
 return (int) gettext ("")
        ^
configure:2480: checking for msgfmt
configure:2514: checking for dcgettext
configure:2542: gcc -o conftest -g -O2   conftest.c  1>&5
configure:2526:6: warning: conflicting types for built-in function 'dcgettext'
 char $ac_func();
      ^
configure:2569: checking for gmsgfmt
configure:2605: checking for xgettext
configure:2645: gcc -o conftest -g -O2   conftest.c  1>&5
configure:3220: checking for working curses
configure:3233: gcc -o conftest -g -O2   conftest.c  -lcurses 1>&5
configure:3306: checking for ANSI C header files
configure:3413: checking for fcntl.h
configure:3423: gcc -E  conftest.c >/dev/null 2>conftest.out
configure:3413: checking for limits.h
configure:3413: checking for strings.h
configure:3423: gcc -E  conftest.c >/dev/null 2>conftest.out
configure:3413: checking for sys/file.h
configure:3423: gcc -E  conftest.c >/dev/null 2>conftest.out
configure:3413: checking for sys/time.h
configure:3423: gcc -E  conftest.c >/dev/null 2>conftest.out
configure:3413: checking for unistd.h
configure:3454: checking for malloc.h
configure:3492: checking for working const
configure:3567: checking for inline
configure:3607: checking for size_t
configure:3640: checking whether time.h and sys/time.h may both be included
configure:3654: gcc -c -g -O2  conftest.c 1>&5
configure:3678: checking for getcwd
configure:3678: checking for gettimeofday
configure:3706: gcc -o conftest -g -O2   conftest.c  -lcurses 1>&5
configure:3678: checking for getwd
configure:3706: gcc -o conftest -g -O2   conftest.c  -lcurses 1>&5
/tmp/ccxIIcJm.o: In function `main':
/root/mygames/lexter-1.0.3/configure:3700: warning: the `getwd' function is dangerous and should not be used.
configure:3678: checking for putenv
configure:3678: checking for select
configure:3706: gcc -o conftest -g -O2   conftest.c  -lcurses 1>&5
configure:3678: checking for strdup
configure:3678: checking for strerror
configure:3706: gcc -o conftest -g -O2   conftest.c  -lcurses 1>&5
configure:3734: checking for working alloca.h
configure:3767: checking for alloca
configure:3969: checking for unistd.h
configure:4008: checking for getpagesize
configure:4061: checking for working mmap
